<?xml version="1.0" encoding="UTF-8"?>
<testsuite name="actualizar usuario de dummy restapiexample" tests="1" skipped="0" failures="0" errors="0" timestamp="2023-05-10T23:58:38" hostname="SQADSANABRIA1" time="10.006">
  <properties/>
  <testcase name="Actualizar usuario api exitoso" classname="actualizar usuario de dummy restapiexample" time="10.006"/>
  <system-out><![CDATA[]]></system-out>
  <system-err><![CDATA[[Test worker] INFO net.thucydides.core.steps.ConsoleLoggingListener - 
        __    _____ _____ ____ _____   ____   _    ____  ____  _____ ____  
  _     \ \  |_   _| ____/ ___|_   _| |  _ \ / \  / ___|/ ___|| ____|  _ \ 
 (_)_____| |   | | |  _| \___ \ | |   | |_) / _ \ \___ \\___ \|  _| | | | |
  _|_____| |   | | | |___ ___) || |   |  __/ ___ \ ___) |___) | |___| |_| |
 (_)     | |   |_| |_____|____/ |_|   |_| /_/   \_\____/|____/|_____|____/ 
        /_/                                                                

TEST PASSED: Actualizar usuario api exitoso
----------------------------------------------------------------------------
]]></system-err>
</testsuite>
